0 info it worked if it ends with ok
1 verbose cli [ '/usr/local/bin/node',
1 verbose cli   '/usr/bin/npm',
1 verbose cli   '--registry=https://registry.npm.taobao.org',
1 verbose cli   '--cache=/home/grissom/.npm/.cache/cnpm',
1 verbose cli   '--disturl=https://npm.taobao.org/dist',
1 verbose cli   '--userconfig=/home/grissom/.cnpmrc',
1 verbose cli   'install',
1 verbose cli   'easyimage' ]
2 info using npm@1.3.6
3 info using node@v5.1.1
4 verbose readDependencies using package.json deps
5 verbose cache add [ 'easyimage', null ]
6 verbose cache add name=undefined spec="easyimage" args=["easyimage",null]
7 verbose parsed url Url {
7 verbose parsed url   protocol: null,
7 verbose parsed url   slashes: null,
7 verbose parsed url   auth: null,
7 verbose parsed url   host: null,
7 verbose parsed url   port: null,
7 verbose parsed url   hostname: null,
7 verbose parsed url   hash: null,
7 verbose parsed url   search: null,
7 verbose parsed url   query: null,
7 verbose parsed url   pathname: 'easyimage',
7 verbose parsed url   path: 'easyimage',
7 verbose parsed url   href: 'easyimage' }
8 silly lockFile f0cc46fa-easyimage easyimage
9 verbose lock easyimage /home/grissom/.npm/.cache/cnpm/f0cc46fa-easyimage.lock
10 silly lockFile f0cc46fa-easyimage easyimage
11 silly lockFile f0cc46fa-easyimage easyimage
12 verbose addNamed [ 'easyimage', '' ]
13 verbose addNamed [ null, '*' ]
14 silly lockFile bc5377cb-easyimage easyimage@
15 verbose lock easyimage@ /home/grissom/.npm/.cache/cnpm/bc5377cb-easyimage.lock
16 silly addNameRange { name: 'easyimage', range: '*', hasData: false }
17 verbose url raw easyimage
18 verbose url resolving [ 'https://registry.npm.taobao.org/', './easyimage' ]
19 verbose url resolved https://registry.npm.taobao.org/easyimage
20 info trying registry request attempt 1 at 3:39:47 PM
21 http GET https://registry.npm.taobao.org/easyimage
22 info retry will retry, error on last attempt: Error: unable to get local issuer certificate
23 info trying registry request attempt 2 at 3:39:57 PM
24 http GET https://registry.npm.taobao.org/easyimage
25 info retry will retry, error on last attempt: Error: unable to get local issuer certificate
26 info trying registry request attempt 3 at 3:40:57 PM
27 http GET https://registry.npm.taobao.org/easyimage
28 silly lockFile bc5377cb-easyimage easyimage@
29 silly lockFile bc5377cb-easyimage easyimage@
30 error Error: unable to get local issuer certificate
30 error     at Error (native)
30 error     at TLSSocket.<anonymous> (_tls_wrap.js:1057:38)
30 error     at emitNone (events.js:67:13)
30 error     at TLSSocket.emit (events.js:166:7)
30 error     at TLSSocket._finishInit (_tls_wrap.js:596:8)
31 error If you need help, you may report this log at:
31 error     <http://github.com/isaacs/npm/issues>
31 error or email it to:
31 error     <npm-@googlegroups.com>
32 error System Linux 2.6.32-431.29.2.el6.x86_64
33 error command "/usr/local/bin/node" "/usr/bin/npm" "--registry=https://registry.npm.taobao.org" "--cache=/home/grissom/.npm/.cache/cnpm" "--disturl=https://npm.taobao.org/dist" "--userconfig=/home/grissom/.cnpmrc" "install" "easyimage"
34 error cwd /data/grissom/xface
35 error node -v v5.1.1
36 error npm -v 1.3.6
37 error code UNABLE_TO_GET_ISSUER_CERT_LOCALLY
38 verbose exit [ 1, true ]
