2015.12.12 23:19:38.934: [bin/www:31] anonymous listen on 8080
2015.12.12 23:19:40.675: [bin/www:31] anonymous listen on 8080
2015.12.12 23:19:44.126: [bin/www:31] anonymous listen on 8080
2015.12.12 23:19:45.940: [bin/www:31] anonymous listen on 8080
2015.12.12 23:19:47.869: [bin/www:31] anonymous listen on 8080
2015.12.12 23:19:49.354: [bin/www:31] anonymous listen on 8080
2015.12.12 23:19:50.267: [bin/www:31] anonymous listen on 8080
2015.12.12 23:19:50.781: [bin/www:31] anonymous listen on 8080
2015.12.12 23:19:51.294: [bin/www:31] anonymous listen on 8080
2015.12.12 23:19:51.806: [bin/www:31] anonymous listen on 8080
2015.12.12 23:19:52.327: [bin/www:31] anonymous listen on 8080
2015.12.12 23:19:53.170: [bin/www:31] anonymous listen on 8080
2015.12.12 23:19:53.721: [bin/www:31] anonymous listen on 8080
2015.12.12 23:19:54.242: [bin/www:31] anonymous listen on 8080
2015.12.12 23:19:54.762: [bin/www:31] anonymous listen on 8080
2015.12.12 23:19:55.279: [bin/www:31] anonymous listen on 8080
2015.12.12 23:19:55.805: [bin/www:31] anonymous listen on 8080
2015.12.12 23:19:56.325: [bin/www:31] anonymous listen on 8080
2015.12.12 23:19:56.843: [bin/www:31] anonymous listen on 8080
2015.12.12 23:19:57.361: [bin/www:31] anonymous listen on 8080
2015.12.12 23:19:57.884: [bin/www:31] anonymous listen on 8080
2015.12.12 23:19:58.400: [bin/www:31] anonymous listen on 8080
2015.12.12 23:19:58.925: [bin/www:31] anonymous listen on 8080
2015.12.12 23:19:59.511: [bin/www:31] anonymous listen on 8080
2015.12.12 23:20:00.095: [bin/www:31] anonymous listen on 8080
2015.12.12 23:20:00.610: [bin/www:31] anonymous listen on 8080
2015.12.12 23:20:01.125: [bin/www:31] anonymous listen on 8080
2015.12.12 23:20:01.773: [bin/www:31] anonymous listen on 8080
2015.12.12 23:20:02.309: [bin/www:31] anonymous listen on 8080
2015.12.12 23:20:02.827: [bin/www:31] anonymous listen on 8080
2015.12.12 23:20:03.357: [bin/www:31] anonymous listen on 8080
2015.12.12 23:20:03.879: [bin/www:31] anonymous listen on 8080
2015.12.12 23:20:04.462: [bin/www:31] anonymous listen on 8080
2015.12.12 23:20:04.985: [bin/www:31] anonymous listen on 8080
2015.12.12 23:20:05.507: [bin/www:31] anonymous listen on 8080
2015.12.12 23:20:06.034: [bin/www:31] anonymous listen on 8080
2015.12.12 23:20:06.706: [bin/www:31] anonymous listen on 8080
2015.12.12 23:20:07.253: [bin/www:31] anonymous listen on 8080
2015.12.12 23:20:07.787: [bin/www:31] anonymous listen on 8080
2015.12.12 23:20:08.506: [bin/www:31] anonymous listen on 8080
2015.12.12 23:20:09.096: [bin/www:31] anonymous listen on 8080
2015.12.12 23:20:09.624: [bin/www:31] anonymous listen on 8080
2015.12.12 23:20:10.151: [bin/www:31] anonymous listen on 8080
2015.12.12 23:20:10.674: [bin/www:31] anonymous listen on 8080
2015.12.12 23:20:11.208: [bin/www:31] anonymous listen on 8080
2015.12.12 23:20:11.729: [bin/www:31] anonymous listen on 8080
2015.12.12 23:20:13.179: [bin/www:31] anonymous listen on 8080
2015.12.12 23:20:13.920: [bin/www:31] anonymous listen on 8080
2015.12.12 23:20:14.639: [bin/www:31] anonymous listen on 8080
2015.12.12 23:20:15.253: [bin/www:31] anonymous listen on 8080
2015.12.12 23:20:15.769: [bin/www:31] anonymous listen on 8080
2015.12.12 23:20:16.624: [bin/www:31] anonymous listen on 8080
2015.12.12 23:20:17.156: [bin/www:31] anonymous listen on 8080
2015.12.12 23:20:17.674: [bin/www:31] anonymous listen on 8080
2015.12.12 23:20:18.225: [bin/www:31] anonymous listen on 8080
2015.12.12 23:20:18.960: [bin/www:31] anonymous listen on 8080
2015.12.12 23:20:19.485: [bin/www:31] anonymous listen on 8080
2015.12.12 23:20:20.005: [bin/www:31] anonymous listen on 8080
2015.12.12 23:20:20.525: [bin/www:31] anonymous listen on 8080
2015.12.12 23:20:21.112: [bin/www:31] anonymous listen on 8080
2015.12.12 23:20:21.629: [bin/www:31] anonymous listen on 8080
2015.12.12 23:20:22.154: [bin/www:31] anonymous listen on 8080
2015.12.12 23:20:22.677: [bin/www:31] anonymous listen on 8080
2015.12.12 23:20:27.802: [bin/www:31] anonymous listen on 8080
2015.12.12 23:21:41.795: [bin/www:31] anonymous listen on 8080
2015.12.12 23:23:27.017: [bin/www:31] anonymous listen on 8080
2015.12.12 23:23:49.339: [bin/www:31] anonymous listen on 8080
2015.12.12 23:23:51.446: [bin/www:31] anonymous listen on 8080
2015.12.12 23:23:55.747: [bin/www:31] anonymous listen on 8080
2015.12.12 23:23:57.790: [bin/www:31] anonymous listen on 8080
2015.12.12 23:23:59.378: [bin/www:31] anonymous listen on 8080
2015.12.12 23:24:00.462: [bin/www:31] anonymous listen on 8080
2015.12.12 23:24:01.081: [bin/www:31] anonymous listen on 8080
2015.12.12 23:24:01.837: [bin/www:31] anonymous listen on 8080
2015.12.12 23:24:02.365: [bin/www:31] anonymous listen on 8080
2015.12.12 23:24:03.171: [bin/www:31] anonymous listen on 8080
2015.12.12 23:24:03.713: [bin/www:31] anonymous listen on 8080
2015.12.12 23:24:04.238: [bin/www:31] anonymous listen on 8080
2015.12.12 23:24:04.758: [bin/www:31] anonymous listen on 8080
2015.12.12 23:24:05.278: [bin/www:31] anonymous listen on 8080
2015.12.12 23:24:05.796: [bin/www:31] anonymous listen on 8080
2015.12.12 23:24:06.388: [bin/www:31] anonymous listen on 8080
2015.12.12 23:24:06.909: [bin/www:31] anonymous listen on 8080
2015.12.12 23:24:07.457: [bin/www:31] anonymous listen on 8080
2015.12.12 23:24:07.981: [bin/www:31] anonymous listen on 8080
2015.12.12 23:24:08.513: [bin/www:31] anonymous listen on 8080
2015.12.12 23:24:09.436: [bin/www:31] anonymous listen on 8080
2015.12.12 23:24:09.962: [bin/www:31] anonymous listen on 8080
2015.12.12 23:24:10.479: [bin/www:31] anonymous listen on 8080
2015.12.12 23:24:11.397: [bin/www:31] anonymous listen on 8080
2015.12.12 23:24:11.913: [bin/www:31] anonymous listen on 8080
2015.12.12 23:24:12.429: [bin/www:31] anonymous listen on 8080
2015.12.12 23:24:12.946: [bin/www:31] anonymous listen on 8080
2015.12.12 23:24:13.467: [bin/www:31] anonymous listen on 8080
2015.12.12 23:24:14.486: [bin/www:31] anonymous listen on 8080
2015.12.12 23:24:14.999: [bin/www:31] anonymous listen on 8080
2015.12.12 23:24:15.519: [bin/www:31] anonymous listen on 8080
2015.12.12 23:24:16.077: [bin/www:31] anonymous listen on 8080
2015.12.12 23:24:16.597: [bin/www:31] anonymous listen on 8080
2015.12.12 23:24:17.136: [bin/www:31] anonymous listen on 8080
2015.12.12 23:24:17.679: [bin/www:31] anonymous listen on 8080
2015.12.12 23:24:18.205: [bin/www:31] anonymous listen on 8080
2015.12.12 23:24:18.719: [bin/www:31] anonymous listen on 8080
2015.12.12 23:24:19.258: [bin/www:31] anonymous listen on 8080
2015.12.12 23:24:19.817: [bin/www:31] anonymous listen on 8080
2015.12.12 23:24:25.510: [bin/www:31] anonymous listen on 8080
2015.12.12 23:24:30.311: [routes/index.js:42] anonymous {
  "face1": "upload/00019.jpg",
  "face2": "upload/00019.jpg"
}
2015.12.12 23:24:30.314: [interface/imgfile.js:31] anonymous upload/00031.jpg
2015.12.12 23:24:30.315: [routes/index.js:65] anonymous /data/grissom/xface/public/upload/00031.jpg
2015.12.12 23:24:30.317: [face_merge/sample/faceProcessor.js:32] _getOrgans getOrgans /data/grissom/xface/public/upload/00019.jpg
2015.12.12 23:24:30.693: [face_merge/sample/faceProcessor.js:239] _getPartofFace left_eye
2015.12.12 23:24:30.714: [face_merge/sample/faceProcessor.js:239] _getPartofFace right_eye
2015.12.12 23:24:30.728: [face_merge/sample/faceProcessor.js:239] _getPartofFace left_eyebrow
2015.12.12 23:24:30.742: [face_merge/sample/faceProcessor.js:239] _getPartofFace right_eyebrow
2015.12.12 23:24:30.757: [face_merge/sample/faceProcessor.js:239] _getPartofFace mouth
2015.12.12 23:24:30.771: [face_merge/sample/faceProcessor.js:239] _getPartofFace nose
2015.12.12 23:24:30.786: [face_merge/sample/faceProcessor.js:32] _getOrgans getOrgans /data/grissom/xface/public/upload/00019.jpg
2015.12.12 23:24:31.188: [face_merge/sample/faceProcessor.js:239] _getPartofFace left_eye
2015.12.12 23:24:31.213: [face_merge/sample/faceProcessor.js:239] _getPartofFace right_eye
2015.12.12 23:24:31.232: [face_merge/sample/faceProcessor.js:239] _getPartofFace left_eyebrow
2015.12.12 23:24:31.249: [face_merge/sample/faceProcessor.js:239] _getPartofFace right_eyebrow
2015.12.12 23:24:31.267: [face_merge/sample/faceProcessor.js:239] _getPartofFace mouth
2015.12.12 23:24:31.282: [face_merge/sample/faceProcessor.js:239] _getPartofFace nose
2015.12.12 23:24:31.299: [face_merge/sample/faceProcessor.js:415] anonymous start composition
2015.12.12 23:24:31.310: [face_merge/sample/faceProcessor.js:423] anonymous success
2015.12.12 23:24:31.310: [routes/index.js:69] anonymous issom/xface/public/upload/00031.jp
[0mPOST /n/merge [32m200 [0m1023.976 ms - 34[0m
2015.12.12 23:24:36.599: [routes/index.js:42] anonymous {
  "face1": "upload/00019.jpg",
  "face2": "upload/00019.jpg"
}
2015.12.12 23:24:36.600: [interface/imgfile.js:31] anonymous upload/00032.jpg
2015.12.12 23:24:36.602: [routes/index.js:65] anonymous /data/grissom/xface/public/upload/00032.jpg
2015.12.12 23:24:36.602: [face_merge/sample/faceProcessor.js:32] _getOrgans getOrgans /data/grissom/xface/public/upload/00019.jpg
2015.12.12 23:24:36.928: [face_merge/sample/faceProcessor.js:239] _getPartofFace left_eye
2015.12.12 23:24:36.944: [face_merge/sample/faceProcessor.js:239] _getPartofFace right_eye
2015.12.12 23:24:36.960: [face_merge/sample/faceProcessor.js:239] _getPartofFace left_eyebrow
2015.12.12 23:24:36.976: [face_merge/sample/faceProcessor.js:239] _getPartofFace right_eyebrow
2015.12.12 23:24:36.992: [face_merge/sample/faceProcessor.js:239] _getPartofFace mouth
2015.12.12 23:24:37.007: [face_merge/sample/faceProcessor.js:239] _getPartofFace nose
2015.12.12 23:24:37.025: [face_merge/sample/faceProcessor.js:32] _getOrgans getOrgans /data/grissom/xface/public/upload/00019.jpg
2015.12.12 23:24:37.431: [face_merge/sample/faceProcessor.js:239] _getPartofFace left_eye
2015.12.12 23:24:37.447: [face_merge/sample/faceProcessor.js:239] _getPartofFace right_eye
2015.12.12 23:24:37.465: [face_merge/sample/faceProcessor.js:239] _getPartofFace left_eyebrow
2015.12.12 23:24:37.488: [face_merge/sample/faceProcessor.js:239] _getPartofFace right_eyebrow
2015.12.12 23:24:37.507: [face_merge/sample/faceProcessor.js:239] _getPartofFace mouth
2015.12.12 23:24:37.521: [face_merge/sample/faceProcessor.js:239] _getPartofFace nose
2015.12.12 23:24:37.536: [face_merge/sample/faceProcessor.js:415] anonymous start composition
2015.12.12 23:24:37.546: [face_merge/sample/faceProcessor.js:423] anonymous success
2015.12.12 23:24:37.547: [routes/index.js:69] anonymous issom/xface/public/upload/00032.jp
[0mPOST /n/merge [32m200 [0m950.262 ms - 34[0m
2015.12.12 23:28:00.431: [interface/imgfile.js:14] anonymous /data/grissom/xface/public/
2015.12.12 23:28:00.437: [interface/imgfile.js:15] anonymous 27
2015.12.12 23:28:00.791: [interface/imgfile.js:14] anonymous /data/grissom/xface/public/
2015.12.12 23:28:00.795: [interface/imgfile.js:15] anonymous 27
2015.12.12 23:28:01.132: [interface/imgfile.js:14] anonymous /data/grissom/xface/public/
2015.12.12 23:28:01.136: [interface/imgfile.js:15] anonymous 27
2015.12.12 23:28:01.539: [interface/imgfile.js:14] anonymous /data/grissom/xface/public/
2015.12.12 23:28:01.550: [interface/imgfile.js:15] anonymous 27
2015.12.12 23:28:02.225: [interface/imgfile.js:14] anonymous /data/grissom/xface/public/
2015.12.12 23:28:02.232: [interface/imgfile.js:15] anonymous 27
2015.12.12 23:28:02.591: [interface/imgfile.js:14] anonymous /data/grissom/xface/public/
2015.12.12 23:28:02.596: [interface/imgfile.js:15] anonymous 27
2015.12.12 23:28:02.952: [interface/imgfile.js:14] anonymous /data/grissom/xface/public/
2015.12.12 23:28:02.957: [interface/imgfile.js:15] anonymous 27
2015.12.12 23:28:03.310: [interface/imgfile.js:14] anonymous /data/grissom/xface/public/
2015.12.12 23:28:03.316: [interface/imgfile.js:15] anonymous 27
2015.12.12 23:28:03.657: [interface/imgfile.js:14] anonymous /data/grissom/xface/public/
2015.12.12 23:28:03.661: [interface/imgfile.js:15] anonymous 27
2015.12.12 23:28:04.009: [interface/imgfile.js:14] anonymous /data/grissom/xface/public/
2015.12.12 23:28:04.014: [interface/imgfile.js:15] anonymous 27
2015.12.12 23:28:04.345: [interface/imgfile.js:14] anonymous /data/grissom/xface/public/
2015.12.12 23:28:04.350: [interface/imgfile.js:15] anonymous 27
2015.12.12 23:28:04.685: [interface/imgfile.js:14] anonymous /data/grissom/xface/public/
2015.12.12 23:28:04.692: [interface/imgfile.js:15] anonymous 27
2015.12.12 23:28:05.054: [interface/imgfile.js:14] anonymous /data/grissom/xface/public/
2015.12.12 23:28:05.059: [interface/imgfile.js:15] anonymous 27
2015.12.12 23:28:05.396: [interface/imgfile.js:14] anonymous /data/grissom/xface/public/
2015.12.12 23:28:05.401: [interface/imgfile.js:15] anonymous 27
2015.12.12 23:28:05.740: [interface/imgfile.js:14] anonymous /data/grissom/xface/public/
2015.12.12 23:28:05.745: [interface/imgfile.js:15] anonymous 27
2015.12.12 23:28:27.250: [interface/imgfile.js:14] anonymous /data/grissom/xface/public/
2015.12.12 23:28:27.254: [interface/imgfile.js:15] anonymous 27
2015.12.12 23:28:27.321: [bin/www:31] anonymous listen on 8080
2015.12.12 23:28:39.622: [routes/index.js:42] anonymous {
  "face1": "upload/00019.jpg",
  "face2": "upload/00019.jpg"
}
2015.12.12 23:28:39.632: [interface/imgfile.js:35] anonymous upload/00033.jpg
2015.12.12 23:28:39.633: [routes/index.js:65] anonymous /data/grissom/xface/public/upload/00033.jpg
2015.12.12 23:28:39.636: [face_merge/sample/faceProcessor.js:32] _getOrgans getOrgans /data/grissom/xface/public/upload/00019.jpg
2015.12.12 23:28:40.062: [face_merge/sample/faceProcessor.js:239] _getPartofFace left_eye
2015.12.12 23:28:40.084: [face_merge/sample/faceProcessor.js:239] _getPartofFace right_eye
2015.12.12 23:28:40.098: [face_merge/sample/faceProcessor.js:239] _getPartofFace left_eyebrow
2015.12.12 23:28:40.111: [face_merge/sample/faceProcessor.js:239] _getPartofFace right_eyebrow
2015.12.12 23:28:40.124: [face_merge/sample/faceProcessor.js:239] _getPartofFace mouth
2015.12.12 23:28:40.136: [face_merge/sample/faceProcessor.js:239] _getPartofFace nose
2015.12.12 23:28:40.149: [face_merge/sample/faceProcessor.js:32] _getOrgans getOrgans /data/grissom/xface/public/upload/00019.jpg
2015.12.12 23:28:40.534: [face_merge/sample/faceProcessor.js:239] _getPartofFace left_eye
2015.12.12 23:28:40.553: [face_merge/sample/faceProcessor.js:239] _getPartofFace right_eye
2015.12.12 23:28:40.566: [face_merge/sample/faceProcessor.js:239] _getPartofFace left_eyebrow
2015.12.12 23:28:40.582: [face_merge/sample/faceProcessor.js:239] _getPartofFace right_eyebrow
2015.12.12 23:28:40.595: [face_merge/sample/faceProcessor.js:239] _getPartofFace mouth
2015.12.12 23:28:40.607: [face_merge/sample/faceProcessor.js:239] _getPartofFace nose
2015.12.12 23:28:40.621: [face_merge/sample/faceProcessor.js:415] anonymous start composition
2015.12.12 23:28:40.632: [face_merge/sample/faceProcessor.js:423] anonymous success
2015.12.12 23:28:40.633: [routes/index.js:69] anonymous upload/00033.jp
[0mPOST /n/merge [32m200 [0m1035.984 ms - 15[0m
2015.12.12 23:30:12.139: [routes/index.js:42] anonymous {
  "face1": "upload/00014.jpg",
  "face2": "upload/00019.jpg"
}
2015.12.12 23:30:12.141: [interface/imgfile.js:35] anonymous upload/00034.jpg
2015.12.12 23:30:12.142: [routes/index.js:65] anonymous /data/grissom/xface/public/upload/00034.jpg
2015.12.12 23:30:12.144: [face_merge/sample/faceProcessor.js:32] _getOrgans getOrgans /data/grissom/xface/public/upload/00014.jpg
2015.12.12 23:30:12.561: [face_merge/sample/faceProcessor.js:239] _getPartofFace left_eye
2015.12.12 23:30:12.577: [face_merge/sample/faceProcessor.js:239] _getPartofFace right_eye
2015.12.12 23:30:12.590: [face_merge/sample/faceProcessor.js:239] _getPartofFace left_eyebrow
2015.12.12 23:30:12.607: [face_merge/sample/faceProcessor.js:239] _getPartofFace right_eyebrow
2015.12.12 23:30:12.622: [face_merge/sample/faceProcessor.js:239] _getPartofFace mouth
2015.12.12 23:30:12.639: [face_merge/sample/faceProcessor.js:239] _getPartofFace nose
2015.12.12 23:30:12.654: [face_merge/sample/faceProcessor.js:32] _getOrgans getOrgans /data/grissom/xface/public/upload/00019.jpg
2015.12.12 23:30:13.041: [face_merge/sample/faceProcessor.js:239] _getPartofFace left_eye
2015.12.12 23:30:13.056: [face_merge/sample/faceProcessor.js:239] _getPartofFace right_eye
2015.12.12 23:30:13.075: [face_merge/sample/faceProcessor.js:239] _getPartofFace left_eyebrow
2015.12.12 23:30:13.100: [face_merge/sample/faceProcessor.js:239] _getPartofFace right_eyebrow
2015.12.12 23:30:13.119: [face_merge/sample/faceProcessor.js:239] _getPartofFace mouth
2015.12.12 23:30:13.133: [face_merge/sample/faceProcessor.js:239] _getPartofFace nose
2015.12.12 23:30:13.148: [face_merge/sample/faceProcessor.js:415] anonymous start composition
2015.12.12 23:30:13.163: [face_merge/sample/faceProcessor.js:423] anonymous success
2015.12.12 23:30:13.163: [routes/index.js:69] anonymous upload/00034.jp
[0mPOST /n/merge [32m200 [0m1032.258 ms - 15[0m
2015.12.12 23:33:44.303: [routes/index.js:19] anonymous get pic upload req
2015.12.12 23:33:44.305: [interface/imgfile.js:35] anonymous upload/00035.jpg
2015.12.12 23:33:44.306: [routes/index.js:24] anonymous /data/grissom/xface/public/upload/00035.jpg
2015.12.12 23:33:44.308: [routes/index.js:27] anonymous upload/00035.jp
[0mPOST /n/uploadpic [32m200 [0m8.603 ms - 15[0m
2015.12.12 23:34:17.807: [routes/index.js:19] anonymous get pic upload req
2015.12.12 23:34:17.809: [interface/imgfile.js:35] anonymous upload/00036.jpg
2015.12.12 23:34:17.810: [routes/index.js:24] anonymous /data/grissom/xface/public/upload/00036.jpg
2015.12.12 23:34:17.811: [routes/index.js:27] anonymous upload/00036.jp
[0mPOST /n/uploadpic [32m200 [0m8.448 ms - 15[0m
2015.12.12 23:34:20.075: [routes/index.js:19] anonymous get pic upload req
2015.12.12 23:34:20.077: [interface/imgfile.js:35] anonymous upload/00037.jpg
2015.12.12 23:34:20.077: [routes/index.js:24] anonymous /data/grissom/xface/public/upload/00037.jpg
2015.12.12 23:34:20.079: [routes/index.js:27] anonymous upload/00037.jp
[0mPOST /n/uploadpic [32m200 [0m10.751 ms - 15[0m
2015.12.12 23:34:37.898: [routes/index.js:19] anonymous get pic upload req
2015.12.12 23:34:37.899: [interface/imgfile.js:35] anonymous upload/00038.jpg
2015.12.12 23:34:37.903: [routes/index.js:24] anonymous /data/grissom/xface/public/upload/00038.jpg
2015.12.12 23:34:37.903: [routes/index.js:27] anonymous upload/00038.jp
[0mPOST /n/uploadpic [32m200 [0m7.096 ms - 15[0m
2015.12.12 23:35:09.531: [routes/index.js:19] anonymous get pic upload req
2015.12.12 23:35:09.532: [interface/imgfile.js:35] anonymous upload/00039.jpg
2015.12.12 23:35:09.535: [routes/index.js:24] anonymous /data/grissom/xface/public/upload/00039.jpg
2015.12.12 23:35:09.536: [routes/index.js:27] anonymous upload/00039.jp
[0mPOST /n/uploadpic [32m200 [0m8.499 ms - 15[0m
2015.12.12 23:35:51.752: [routes/index.js:19] anonymous get pic upload req
2015.12.12 23:35:51.754: [interface/imgfile.js:35] anonymous upload/00040.jpg
2015.12.12 23:35:51.754: [routes/index.js:24] anonymous /data/grissom/xface/public/upload/00040.jpg
2015.12.12 23:35:51.755: [routes/index.js:27] anonymous upload/00040.jp
[0mPOST /n/uploadpic [32m200 [0m4.649 ms - 15[0m
2015.12.12 23:36:29.673: [routes/index.js:42] anonymous {
  "face1": "upload/00035.jpg",
  "face2": "upload/00036.jpg"
}
2015.12.12 23:36:29.675: [interface/imgfile.js:35] anonymous upload/00041.jpg
2015.12.12 23:36:29.675: [routes/index.js:65] anonymous /data/grissom/xface/public/upload/00041.jpg
2015.12.12 23:36:29.676: [face_merge/sample/faceProcessor.js:32] _getOrgans getOrgans /data/grissom/xface/public/upload/00035.jpg
2015.12.12 23:36:30.107: [face_merge/sample/faceProcessor.js:239] _getPartofFace left_eye
2015.12.12 23:36:30.122: [face_merge/sample/faceProcessor.js:239] _getPartofFace right_eye
2015.12.12 23:36:30.135: [face_merge/sample/faceProcessor.js:239] _getPartofFace left_eyebrow
2015.12.12 23:36:30.148: [face_merge/sample/faceProcessor.js:239] _getPartofFace right_eyebrow
2015.12.12 23:36:30.161: [face_merge/sample/faceProcessor.js:239] _getPartofFace mouth
2015.12.12 23:36:30.177: [face_merge/sample/faceProcessor.js:239] _getPartofFace nose
2015.12.12 23:36:30.194: [face_merge/sample/faceProcessor.js:32] _getOrgans getOrgans /data/grissom/xface/public/upload/00036.jpg
2015.12.12 23:36:30.577: [face_merge/sample/faceProcessor.js:239] _getPartofFace left_eye
2015.12.12 23:36:30.601: [face_merge/sample/faceProcessor.js:239] _getPartofFace right_eye
2015.12.12 23:36:30.617: [face_merge/sample/faceProcessor.js:239] _getPartofFace left_eyebrow
2015.12.12 23:36:30.633: [face_merge/sample/faceProcessor.js:239] _getPartofFace right_eyebrow
2015.12.12 23:36:30.647: [face_merge/sample/faceProcessor.js:239] _getPartofFace mouth
2015.12.12 23:36:30.661: [face_merge/sample/faceProcessor.js:239] _getPartofFace nose
2015.12.12 23:36:30.677: [face_merge/sample/faceProcessor.js:415] anonymous start composition
2015.12.12 23:36:30.692: [face_merge/sample/faceProcessor.js:423] anonymous success
2015.12.12 23:36:30.693: [routes/index.js:69] anonymous upload/00041.jp
[0mPOST /n/merge [32m200 [0m1021.346 ms - 15[0m
2015.12.12 23:36:46.080: [routes/index.js:42] anonymous {
  "face1": "upload/00035.jpg",
  "face2": "upload/00037.jpg"
}
2015.12.12 23:36:46.083: [interface/imgfile.js:35] anonymous upload/00042.jpg
2015.12.12 23:36:46.084: [routes/index.js:65] anonymous /data/grissom/xface/public/upload/00042.jpg
2015.12.12 23:36:46.084: [face_merge/sample/faceProcessor.js:32] _getOrgans getOrgans /data/grissom/xface/public/upload/00035.jpg
2015.12.12 23:36:46.481: [face_merge/sample/faceProcessor.js:239] _getPartofFace left_eye
2015.12.12 23:36:46.499: [face_merge/sample/faceProcessor.js:239] _getPartofFace right_eye
2015.12.12 23:36:46.516: [face_merge/sample/faceProcessor.js:239] _getPartofFace left_eyebrow
2015.12.12 23:36:46.531: [face_merge/sample/faceProcessor.js:239] _getPartofFace right_eyebrow
2015.12.12 23:36:46.549: [face_merge/sample/faceProcessor.js:239] _getPartofFace mouth
2015.12.12 23:36:46.562: [face_merge/sample/faceProcessor.js:239] _getPartofFace nose
2015.12.12 23:36:46.577: [face_merge/sample/faceProcessor.js:32] _getOrgans getOrgans /data/grissom/xface/public/upload/00037.jpg
2015.12.12 23:36:46.976: [face_merge/sample/faceProcessor.js:239] _getPartofFace left_eye
2015.12.12 23:36:46.991: [face_merge/sample/faceProcessor.js:239] _getPartofFace right_eye
2015.12.12 23:36:47.011: [face_merge/sample/faceProcessor.js:239] _getPartofFace left_eyebrow
2015.12.12 23:36:47.031: [face_merge/sample/faceProcessor.js:239] _getPartofFace right_eyebrow
2015.12.12 23:36:47.046: [face_merge/sample/faceProcessor.js:239] _getPartofFace mouth
2015.12.12 23:36:47.060: [face_merge/sample/faceProcessor.js:239] _getPartofFace nose
2015.12.12 23:36:47.075: [face_merge/sample/faceProcessor.js:415] anonymous start composition
2015.12.12 23:36:47.091: [face_merge/sample/faceProcessor.js:423] anonymous success
2015.12.12 23:36:47.091: [routes/index.js:69] anonymous upload/00042.jp
[0mPOST /n/merge [32m200 [0m1012.721 ms - 15[0m
2015.12.12 23:36:52.101: [routes/index.js:42] anonymous {
  "face1": "upload/00035.jpg",
  "face2": "upload/00039.jpg"
}
2015.12.12 23:36:52.104: [interface/imgfile.js:35] anonymous upload/00043.jpg
2015.12.12 23:36:52.105: [routes/index.js:65] anonymous /data/grissom/xface/public/upload/00043.jpg
2015.12.12 23:36:52.106: [face_merge/sample/faceProcessor.js:32] _getOrgans getOrgans /data/grissom/xface/public/upload/00035.jpg
2015.12.12 23:36:52.513: [face_merge/sample/faceProcessor.js:239] _getPartofFace left_eye
2015.12.12 23:36:52.528: [face_merge/sample/faceProcessor.js:239] _getPartofFace right_eye
2015.12.12 23:36:52.541: [face_merge/sample/faceProcessor.js:239] _getPartofFace left_eyebrow
2015.12.12 23:36:52.555: [face_merge/sample/faceProcessor.js:239] _getPartofFace right_eyebrow
2015.12.12 23:36:52.567: [face_merge/sample/faceProcessor.js:239] _getPartofFace mouth
2015.12.12 23:36:52.581: [face_merge/sample/faceProcessor.js:239] _getPartofFace nose
2015.12.12 23:36:52.595: [face_merge/sample/faceProcessor.js:32] _getOrgans getOrgans /data/grissom/xface/public/upload/00039.jpg
2015.12.12 23:36:53.970: [face_merge/sample/faceProcessor.js:239] _getPartofFace left_eye
2015.12.12 23:36:53.989: [face_merge/sample/faceProcessor.js:239] _getPartofFace right_eye
2015.12.12 23:36:54.006: [face_merge/sample/faceProcessor.js:239] _getPartofFace left_eyebrow
2015.12.12 23:36:54.024: [face_merge/sample/faceProcessor.js:239] _getPartofFace right_eyebrow
2015.12.12 23:36:54.042: [face_merge/sample/faceProcessor.js:239] _getPartofFace mouth
2015.12.12 23:36:54.057: [face_merge/sample/faceProcessor.js:239] _getPartofFace nose
2015.12.12 23:36:54.072: [face_merge/sample/faceProcessor.js:415] anonymous start composition
2015.12.12 23:36:54.088: [face_merge/sample/faceProcessor.js:423] anonymous success
2015.12.12 23:36:54.089: [routes/index.js:69] anonymous upload/00043.jp
[0mPOST /n/merge [32m200 [0m1989.424 ms - 15[0m
2015.12.12 23:37:09.876: [routes/index.js:42] anonymous {
  "face1": "upload/00036.jpg",
  "face2": "upload/00037.jpg"
}
2015.12.12 23:37:09.878: [interface/imgfile.js:35] anonymous upload/00044.jpg
2015.12.12 23:37:09.879: [routes/index.js:65] anonymous /data/grissom/xface/public/upload/00044.jpg
2015.12.12 23:37:09.881: [face_merge/sample/faceProcessor.js:32] _getOrgans getOrgans /data/grissom/xface/public/upload/00036.jpg
2015.12.12 23:37:10.273: [face_merge/sample/faceProcessor.js:239] _getPartofFace left_eye
2015.12.12 23:37:10.300: [face_merge/sample/faceProcessor.js:239] _getPartofFace right_eye
2015.12.12 23:37:10.314: [face_merge/sample/faceProcessor.js:239] _getPartofFace left_eyebrow
2015.12.12 23:37:10.329: [face_merge/sample/faceProcessor.js:239] _getPartofFace right_eyebrow
2015.12.12 23:37:10.343: [face_merge/sample/faceProcessor.js:239] _getPartofFace mouth
2015.12.12 23:37:10.360: [face_merge/sample/faceProcessor.js:239] _getPartofFace nose
2015.12.12 23:37:10.376: [face_merge/sample/faceProcessor.js:32] _getOrgans getOrgans /data/grissom/xface/public/upload/00037.jpg
2015.12.12 23:37:10.744: [face_merge/sample/faceProcessor.js:239] _getPartofFace left_eye
2015.12.12 23:37:10.760: [face_merge/sample/faceProcessor.js:239] _getPartofFace right_eye
2015.12.12 23:37:10.773: [face_merge/sample/faceProcessor.js:239] _getPartofFace left_eyebrow
2015.12.12 23:37:10.787: [face_merge/sample/faceProcessor.js:239] _getPartofFace right_eyebrow
2015.12.12 23:37:10.813: [face_merge/sample/faceProcessor.js:239] _getPartofFace mouth
2015.12.12 23:37:10.829: [face_merge/sample/faceProcessor.js:239] _getPartofFace nose
2015.12.12 23:37:10.844: [face_merge/sample/faceProcessor.js:415] anonymous start composition
2015.12.12 23:37:10.858: [face_merge/sample/faceProcessor.js:423] anonymous success
2015.12.12 23:37:10.858: [routes/index.js:69] anonymous upload/00044.jp
[0mPOST /n/merge [32m200 [0m983.322 ms - 15[0m
2015.12.12 23:37:14.810: [routes/index.js:42] anonymous {
  "face1": "upload/00036.jpg",
  "face2": "upload/00038.jpg"
}
2015.12.12 23:37:14.811: [interface/imgfile.js:35] anonymous upload/00045.jpg
2015.12.12 23:37:14.812: [routes/index.js:65] anonymous /data/grissom/xface/public/upload/00045.jpg
2015.12.12 23:37:14.812: [face_merge/sample/faceProcessor.js:32] _getOrgans getOrgans /data/grissom/xface/public/upload/00036.jpg
2015.12.12 23:37:15.216: [face_merge/sample/faceProcessor.js:239] _getPartofFace left_eye
2015.12.12 23:37:15.243: [face_merge/sample/faceProcessor.js:239] _getPartofFace right_eye
2015.12.12 23:37:15.260: [face_merge/sample/faceProcessor.js:239] _getPartofFace left_eyebrow
2015.12.12 23:37:15.273: [face_merge/sample/faceProcessor.js:239] _getPartofFace right_eyebrow
2015.12.12 23:37:15.287: [face_merge/sample/faceProcessor.js:239] _getPartofFace mouth
2015.12.12 23:37:15.304: [face_merge/sample/faceProcessor.js:239] _getPartofFace nose
2015.12.12 23:37:15.318: [face_merge/sample/faceProcessor.js:32] _getOrgans getOrgans /data/grissom/xface/public/upload/00038.jpg
2015.12.12 23:37:15.772: [face_merge/sample/faceProcessor.js:420] anonymous SDK_IMAGE_FACEDETECT_FAILED
[0mPOST /n/merge [32m200 [0m963.565 ms - 27[0m
2015.12.12 23:37:18.867: [routes/index.js:42] anonymous {
  "face1": "upload/00036.jpg",
  "face2": "upload/00039.jpg"
}
2015.12.12 23:37:18.869: [interface/imgfile.js:35] anonymous upload/00046.jpg
2015.12.12 23:37:18.873: [routes/index.js:65] anonymous /data/grissom/xface/public/upload/00046.jpg
2015.12.12 23:37:18.881: [face_merge/sample/faceProcessor.js:32] _getOrgans getOrgans /data/grissom/xface/public/upload/00036.jpg
2015.12.12 23:37:19.263: [face_merge/sample/faceProcessor.js:239] _getPartofFace left_eye
2015.12.12 23:37:19.279: [face_merge/sample/faceProcessor.js:239] _getPartofFace right_eye
2015.12.12 23:37:19.293: [face_merge/sample/faceProcessor.js:239] _getPartofFace left_eyebrow
2015.12.12 23:37:19.307: [face_merge/sample/faceProcessor.js:239] _getPartofFace right_eyebrow
2015.12.12 23:37:19.322: [face_merge/sample/faceProcessor.js:239] _getPartofFace mouth
2015.12.12 23:37:19.337: [face_merge/sample/faceProcessor.js:239] _getPartofFace nose
2015.12.12 23:37:19.351: [face_merge/sample/faceProcessor.js:32] _getOrgans getOrgans /data/grissom/xface/public/upload/00039.jpg
2015.12.12 23:37:19.762: [face_merge/sample/faceProcessor.js:239] _getPartofFace left_eye
2015.12.12 23:37:19.779: [face_merge/sample/faceProcessor.js:239] _getPartofFace right_eye
2015.12.12 23:37:19.793: [face_merge/sample/faceProcessor.js:239] _getPartofFace left_eyebrow
2015.12.12 23:37:19.809: [face_merge/sample/faceProcessor.js:239] _getPartofFace right_eyebrow
2015.12.12 23:37:19.823: [face_merge/sample/faceProcessor.js:239] _getPartofFace mouth
2015.12.12 23:37:19.847: [face_merge/sample/faceProcessor.js:239] _getPartofFace nose
2015.12.12 23:37:19.861: [face_merge/sample/faceProcessor.js:415] anonymous start composition
2015.12.12 23:37:19.879: [face_merge/sample/faceProcessor.js:423] anonymous success
2015.12.12 23:37:19.880: [routes/index.js:69] anonymous upload/00046.jp
[0mPOST /n/merge [32m200 [0m1014.294 ms - 15[0m
2015.12.12 23:37:29.396: [routes/index.js:42] anonymous {
  "face1": "upload/00040.jpg",
  "face2": "upload/00038.jpg"
}
2015.12.12 23:37:29.398: [interface/imgfile.js:35] anonymous upload/00047.jpg
2015.12.12 23:37:29.398: [routes/index.js:65] anonymous /data/grissom/xface/public/upload/00047.jpg
2015.12.12 23:37:29.399: [face_merge/sample/faceProcessor.js:32] _getOrgans getOrgans /data/grissom/xface/public/upload/00040.jpg
2015.12.12 23:37:29.748: [face_merge/sample/faceProcessor.js:239] _getPartofFace left_eye
2015.12.12 23:37:29.761: [face_merge/sample/faceProcessor.js:239] _getPartofFace right_eye
2015.12.12 23:37:29.772: [face_merge/sample/faceProcessor.js:239] _getPartofFace left_eyebrow
2015.12.12 23:37:29.784: [face_merge/sample/faceProcessor.js:239] _getPartofFace right_eyebrow
2015.12.12 23:37:29.795: [face_merge/sample/faceProcessor.js:239] _getPartofFace mouth
2015.12.12 23:37:29.806: [face_merge/sample/faceProcessor.js:239] _getPartofFace nose
2015.12.12 23:37:29.819: [face_merge/sample/faceProcessor.js:32] _getOrgans getOrgans /data/grissom/xface/public/upload/00038.jpg
2015.12.12 23:37:30.272: [face_merge/sample/faceProcessor.js:420] anonymous SDK_IMAGE_FACEDETECT_FAILED
[0mPOST /n/merge [32m200 [0m882.099 ms - 27[0m
[0mGET / [32m200 [0m5.268 ms - 1951[0m
[0mOPTIONS / [32m200 [0m1.343 ms - 8[0m
[0mGET /nice%20ports%2C/Tri%6Eity.txt%2ebak [33m404 [0m393.749 ms - 1005[0m
[0mGET /manager/html [33m404 [0m47.966 ms - 1005[0m
